================================================== 
Imperium One-Click Deploy - Thu 04/02/2026 21:00:42.72 
================================================== 
Repo: C:\Users\adham\Desktop\villan ark\websites for muns\imperium mun website\imperium_website\
Remote: origin/main
VPS: root@172.86.116.90

Staging changes...
warning: in the working copy of 'apply.html', LF will be replaced by CRLF the next time Git touches it
warning: in the working copy of 'index.html', LF will be replaced by CRLF the next time Git touches it
Creating commit: Auto deploy 2026-04-02_21-00-43
[main 9015947] Auto deploy 2026-04-02_21-00-43
 7 files changed, 122 insertions(+), 18 deletions(-)

Pushing to GitHub...
To https://github.com/Raidism/imperium_website.git
   4fe7b40..9015947  main -> main

Running VPS deploy...
This step can take 1-3 minutes when dependencies are updated.
==> Backing up server data to /root/imperium_website/server/data_backup_2026-04-02_18-00-47
==> Fetching latest from origin/main
From github.com:Raidism/imperium_website
   4fe7b40..9015947  main       -> origin/main
==> Resetting working tree to origin/main
HEAD is now at 9015947 Auto deploy 2026-04-02_21-00-43
==> Restoring data files (ensuring persistence against git resets)
Data restore complete (missing files only).
==> Installing dependencies
==> Dependencies unchanged and node_modules exists; skipping npm install
==> Restarting PM2 app: imperium_website
Use --update-env to update environment variables
[PM2] Applying action restartProcessId on app [imperium_website](ids: [ 15 ])
[PM2] [imperium_website](15) ✓
┌────┬─────────────────────┬─────────────┬─────────┬─────────┬──────────┬────────┬──────┬───────────┬──────────┬──────────┬──────────┬──────────┐
│ id │ name                │ namespace   │ version │ mode    │ pid      │ uptime │ ↺    │ status    │ cpu      │ mem      │ user     │ watching │
├────┼─────────────────────┼─────────────┼─────────┼─────────┼──────────┼────────┼──────┼───────────┼──────────┼──────────┼──────────┼──────────┤
│ 15 │ imperium_website    │ default     │ 1.0.0   │ fork    │ 2170471  │ 0s     │ 37   │ online    │ 0%       │ 19.1mb   │ root     │ disabled │
│ 3  │ index               │ default     │ N/A     │ fork    │ 1991739  │ 5D     │ 5    │ online    │ 0%       │ 126.7mb  │ root     │ disabled │
│ 10 │ index               │ default     │ 2.0.0   │ fork    │ 2129134  │ 22h    │ 11   │ online    │ 7.1%     │ 272.0mb  │ root     │ disabled │
│ 12 │ index               │ default     │ N/A     │ fork    │ 2108079  │ 32h    │ 6    │ online    │ 0%       │ 123.1mb  │ root     │ disabled │
│ 11 │ npm                 │ default     │ N/A     │ fork    │ 1147732  │ 38D    │ 1    │ online    │ 0%       │ 43.7mb   │ root     │ disabled │
└────┴─────────────────────┴─────────────┴─────────┴─────────┴──────────┴────────┴──────┴───────────┴──────────┴──────────┴──────────┴──────────┘
==> Cleaning old backups (older than 7 days)

✅ VPS updated: Thu Apr  2 18:00:49 UTC 2026
Latest commit: 9015947 - Auto deploy 2026-04-02_21-00-43
VPS deploy completed.
